C:\Users\Jason\Documents\Visual Studio 2010\Projects\LuaEngine\Debug\cl.command.1.tlog
C:\Users\Jason\Documents\Visual Studio 2010\Projects\LuaEngine\Debug\CL.read.1.tlog
C:\Users\Jason\Documents\Visual Studio 2010\Projects\LuaEngine\Debug\CL.write.1.tlog
C:\Users\Jason\Documents\Visual Studio 2010\Projects\LuaEngine\Debug\link.20152.read.1.tlog
C:\Users\Jason\Documents\Visual Studio 2010\Projects\LuaEngine\Debug\link.20152.write.1.tlog
C:\Users\Jason\Documents\Visual Studio 2010\Projects\LuaEngine\Debug\link.20152-cvtres.read.1.tlog
C:\Users\Jason\Documents\Visual Studio 2010\Projects\LuaEngine\Debug\link.20152-cvtres.write.1.tlog
C:\Users\Jason\Documents\Visual Studio 2010\Projects\LuaEngine\Debug\link.51516.read.1.tlog
C:\Users\Jason\Documents\Visual Studio 2010\Projects\LuaEngine\Debug\link.51516.write.1.tlog
C:\Users\Jason\Documents\Visual Studio 2010\Projects\LuaEngine\Debug\link.51516-cvtres.read.1.tlog
C:\Users\Jason\Documents\Visual Studio 2010\Projects\LuaEngine\Debug\link.51516-cvtres.write.1.tlog
C:\Users\Jason\Documents\Visual Studio 2010\Projects\LuaEngine\Debug\link.57120.read.1.tlog
C:\Users\Jason\Documents\Visual Studio 2010\Projects\LuaEngine\Debug\link.57120.write.1.tlog
C:\Users\Jason\Documents\Visual Studio 2010\Projects\LuaEngine\Debug\link.57120-cvtres.read.1.tlog
C:\Users\Jason\Documents\Visual Studio 2010\Projects\LuaEngine\Debug\link.57120-cvtres.write.1.tlog
C:\Users\Jason\Documents\Visual Studio 2010\Projects\LuaEngine\Debug\link.58148.read.1.tlog
C:\Users\Jason\Documents\Visual Studio 2010\Projects\LuaEngine\Debug\link.58148.write.1.tlog
C:\Users\Jason\Documents\Visual Studio 2010\Projects\LuaEngine\Debug\link.58148-cvtres.read.1.tlog
C:\Users\Jason\Documents\Visual Studio 2010\Projects\LuaEngine\Debug\link.58148-cvtres.write.1.tlog
C:\Users\Jason\Documents\Visual Studio 2010\Projects\LuaEngine\Debug\link.command.1.tlog
C:\Users\Jason\Documents\Visual Studio 2010\Projects\LuaEngine\Debug\link.read.1.tlog
C:\Users\Jason\Documents\Visual Studio 2010\Projects\LuaEngine\Debug\link.write.1.tlog
C:\Users\Jason\Documents\Visual Studio 2010\Projects\LuaEngine\Debug\link-cvtres.read.1.tlog
C:\Users\Jason\Documents\Visual Studio 2010\Projects\LuaEngine\Debug\link-cvtres.write.1.tlog
C:\USERS\JASON\DOCUMENTS\VISUAL STUDIO 2010\PROJECTS\LUAENGINE\DEBUG\LUAENGINE.EXE
C:\USERS\JASON\DOCUMENTS\VISUAL STUDIO 2010\PROJECTS\LUAENGINE\DEBUG\LUAENGINE.EXE.EMBED.MANIFEST
C:\USERS\JASON\DOCUMENTS\VISUAL STUDIO 2010\PROJECTS\LUAENGINE\DEBUG\LUAENGINE.EXE.EMBED.MANIFEST.RES
C:\USERS\JASON\DOCUMENTS\VISUAL STUDIO 2010\PROJECTS\LUAENGINE\DEBUG\LUAENGINE.EXE.INTERMEDIATE.MANIFEST
C:\USERS\JASON\DOCUMENTS\VISUAL STUDIO 2010\PROJECTS\LUAENGINE\DEBUG\LUAENGINE.ILK
C:\USERS\JASON\DOCUMENTS\VISUAL STUDIO 2010\PROJECTS\LUAENGINE\DEBUG\LUAENGINE.PDB
C:\Users\Jason\Documents\Visual Studio 2010\Projects\LuaEngine\Debug\LuaEngine.vcxprojResolveAssemblyReference.cache
C:\Users\Jason\Documents\Visual Studio 2010\Projects\LuaEngine\Debug\LuaEngine.write.1.tlog
C:\Users\Jason\Documents\Visual Studio 2010\Projects\LuaEngine\Debug\LuaEngine_manifest.rc
C:\USERS\JASON\DOCUMENTS\VISUAL STUDIO 2010\PROJECTS\LUAENGINE\DEBUG\LUASCRIPT.OBJ
C:\USERS\JASON\DOCUMENTS\VISUAL STUDIO 2010\PROJECTS\LUAENGINE\DEBUG\MAIN.OBJ
C:\Users\Jason\Documents\Visual Studio 2010\Projects\LuaEngine\Debug\mt.command.1.tlog
C:\Users\Jason\Documents\Visual Studio 2010\Projects\LuaEngine\Debug\mt.read.1.tlog
C:\Users\Jason\Documents\Visual Studio 2010\Projects\LuaEngine\Debug\mt.write.1.tlog
C:\Users\Jason\Documents\Visual Studio 2010\Projects\LuaEngine\Debug\rc.command.1.tlog
C:\Users\Jason\Documents\Visual Studio 2010\Projects\LuaEngine\Debug\rc.read.1.tlog
C:\Users\Jason\Documents\Visual Studio 2010\Projects\LuaEngine\Debug\rc.write.1.tlog
C:\Users\Jason\Documents\Visual Studio 2010\Projects\LuaEngine\Debug\vc100.idb
C:\USERS\JASON\DOCUMENTS\VISUAL STUDIO 2010\PROJECTS\LUAENGINE\DEBUG\VC100.PDB
