Build started 4/12/2014 11:54:35 PM.
     1>Project "C:\Users\Jason\Documents\Visual Studio 2010\Projects\LuaEngine\LuaEngine.vcxproj" on node 2 (build target(s)).
     1>InitializeBuildStatus:
         Creating "Debug\LuaEngine.unsuccessfulbuild" because "AlwaysCreate" was specified.
       ClCompile:
         C:\Program Files (x86)\Microsoft Visual Studio 10.0\VC\bin\CL.exe /c /ZI /nologo /W3 /WX- /Od /Oy- /D WIN32 /D _DEBUG /D _CONSOLE /D _UNICODE /D UNICODE /Gm /EHsc /RTC1 /MDd /GS /fp:precise /Zc:wchar_t /Zc:forScope /Fo"Debug\\" /Fd"Debug\vc100.pdb" /Gd /TP /analyze- /errorReport:prompt LuaScript.cpp
         LuaScript.cpp
     1>c:\users\jason\documents\visual studio 2010\projects\luaengine\luascript.h(109): warning C4800: 'int' : forcing value to bool 'true' or 'false' (performance warning)
     1>c:\users\jason\documents\visual studio 2010\projects\luaengine\luascript.cpp(326): warning C4800: 'int' : forcing value to bool 'true' or 'false' (performance warning)
       ManifestResourceCompile:
         All outputs are up-to-date.
       Link:
         C:\Program Files (x86)\Microsoft Visual Studio 10.0\VC\bin\link.exe /ERRORREPORT:PROMPT /OUT:"C:\Users\Jason\Documents\Visual Studio 2010\Projects\LuaEngine\Debug\LuaEngine.exe" /INCREMENTAL /NOLOGO lua51.lib lua5.1.lib kernel32.lib user32.lib gdi32.lib winspool.lib comdlg32.lib advapi32.lib shell32.lib ole32.lib oleaut32.lib uuid.lib odbc32.lib odbccp32.lib /MANIFEST /ManifestFile:"Debug\LuaEngine.exe.intermediate.manifest" /MANIFESTUAC:"level='asInvoker' uiAccess='false'" /DEBUG /PDB:"C:\Users\Jason\Documents\Visual Studio 2010\Projects\LuaEngine\Debug\LuaEngine.pdb" /SUBSYSTEM:CONSOLE /TLBID:1 /DYNAMICBASE /NXCOMPAT /IMPLIB:"C:\Users\Jason\Documents\Visual Studio 2010\Projects\LuaEngine\Debug\LuaEngine.lib" /MACHINE:X86 Debug\LuaEngine.exe.embed.manifest.res
         Debug\LuaScript.obj
         Debug\Main.obj
       Manifest:
         C:\Program Files (x86)\Microsoft SDKs\Windows\v7.0A\bin\mt.exe /nologo /verbose /out:"Debug\LuaEngine.exe.embed.manifest" /manifest Debug\LuaEngine.exe.intermediate.manifest
         All outputs are up-to-date.
       LinkEmbedManifest:
         All outputs are up-to-date.
         LuaEngine.vcxproj -> C:\Users\Jason\Documents\Visual Studio 2010\Projects\LuaEngine\Debug\LuaEngine.exe
       FinalizeBuildStatus:
         Deleting file "Debug\LuaEngine.unsuccessfulbuild".
         Touching "Debug\LuaEngine.lastbuildstate".
     1>Done Building Project "C:\Users\Jason\Documents\Visual Studio 2010\Projects\LuaEngine\LuaEngine.vcxproj" (build target(s)).

Build succeeded.

Time Elapsed 00:00:00.91
