Build started 4/12/2014 4:57:49 PM.
     1>Project "c:\Users\Jason\documents\visual studio 2010\Projects\LuaEngine\LuaEngine.vcxproj" on node 2 (build target(s)).
     1>InitializeBuildStatus:
         Creating "Release\LuaEngine.unsuccessfulbuild" because "AlwaysCreate" was specified.
       ClCompile:
         C:\Program Files (x86)\Microsoft Visual Studio 10.0\VC\bin\CL.exe /c /Zi /nologo /W3 /WX- /O2 /Oi /Oy- /GL /D WIN32 /D NDEBUG /D _CONSOLE /D _UNICODE /D UNICODE /Gm- /EHsc /MD /GS /Gy /fp:precise /Zc:wchar_t /Zc:forScope /Fo"Release\\" /Fd"Release\vc100.pdb" /Gd /TP /analyze- /errorReport:prompt Main.cpp
         Main.cpp
       Link:
         C:\Program Files (x86)\Microsoft Visual Studio 10.0\VC\bin\link.exe /ERRORREPORT:PROMPT /OUT:"c:\users\jason\documents\visual studio 2010\Projects\LuaEngine\Release\LuaEngine.exe" /INCREMENTAL:NO /NOLOGO lua51.lib lua5.1.lib kernel32.lib user32.lib gdi32.lib winspool.lib comdlg32.lib advapi32.lib shell32.lib ole32.lib oleaut32.lib uuid.lib odbc32.lib odbccp32.lib /MANIFEST /ManifestFile:"Release\LuaEngine.exe.intermediate.manifest" /MANIFESTUAC:"level='asInvoker' uiAccess='false'" /DEBUG /PDB:"c:\users\jason\documents\visual studio 2010\Projects\LuaEngine\Release\LuaEngine.pdb" /SUBSYSTEM:CONSOLE /OPT:REF /OPT:ICF /LTCG /TLBID:1 /DYNAMICBASE /NXCOMPAT /IMPLIB:"c:\users\jason\documents\visual studio 2010\Projects\LuaEngine\Release\LuaEngine.lib" /MACHINE:X86 Release\Main.obj
         Generating code
         Finished generating code
         LuaEngine.vcxproj -> c:\users\jason\documents\visual studio 2010\Projects\LuaEngine\Release\LuaEngine.exe
       Manifest:
         C:\Program Files (x86)\Microsoft SDKs\Windows\v7.0A\bin\mt.exe /nologo /verbose /outputresource:"c:\users\jason\documents\visual studio 2010\Projects\LuaEngine\Release\LuaEngine.exe;#1" /manifest Release\LuaEngine.exe.intermediate.manifest
       FinalizeBuildStatus:
         Deleting file "Release\LuaEngine.unsuccessfulbuild".
         Touching "Release\LuaEngine.lastbuildstate".
     1>Done Building Project "c:\Users\Jason\documents\visual studio 2010\Projects\LuaEngine\LuaEngine.vcxproj" (build target(s)).

Build succeeded.

Time Elapsed 00:00:00.65
